Determining if the pthread_create exist failed with the following output:
Change Dir: /home/tesla/catkin_ws/src/phantomx_arm-master/phantomx_arm_controller/build/catkin_tools_prebuild/CMakeFiles/CMakeTmp

Run Build Command:/usr/bin/make "cmTryCompileExec2812347080/fast"
/usr/bin/make -f CMakeFiles/cmTryCompileExec2812347080.dir/build.make CMakeFiles/cmTryCompileExec2812347080.dir/build
make[1]: Entering directory `/home/tesla/catkin_ws/src/phantomx_arm-master/phantomx_arm_controller/build/catkin_tools_prebuild/CMakeFiles/CMakeTmp'
/usr/bin/cmake -E cmake_progress_report /home/tesla/catkin_ws/src/phantomx_arm-master/phantomx_arm_controller/build/catkin_tools_prebuild/CMakeFiles/CMakeTmp/CMakeFiles 1
Building C object CMakeFiles/cmTryCompileExec2812347080.dir/CheckSymbolExists.c.o
/usr/bin/cc    -o CMakeFiles/cmTryCompileExec2812347080.dir/CheckSymbolExists.c.o   -c /home/tesla/catkin_ws/src/phantomx_arm-master/phantomx_arm_controller/build/catkin_tools_prebuild/CMakeFiles/CMakeTmp/CheckSymbolExists.c
Linking C executable cmTryCompileExec2812347080
/usr/bin/cmake -E cmake_link_script CMakeFiles/cmTryCompileExec2812347080.dir/link.txt --verbose=1
/usr/bin/cc       CMakeFiles/cmTryCompileExec2812347080.dir/CheckSymbolExists.c.o  -o cmTryCompileExec2812347080 -rdynamic 
CMakeFiles/cmTryCompileExec2812347080.dir/CheckSymbolExists.c.o: In function `main':
CheckSymbolExists.c:(.text+0x16): undefined reference to `pthread_create'
collect2: error: ld returned 1 exit status
make[1]: *** [cmTryCompileExec2812347080] Error 1
make[1]: Leaving directory `/home/tesla/catkin_ws/src/phantomx_arm-master/phantomx_arm_controller/build/catkin_tools_prebuild/CMakeFiles/CMakeTmp'
make: *** [cmTryCompileExec2812347080/fast] Error 2

File /home/tesla/catkin_ws/src/phantomx_arm-master/phantomx_arm_controller/build/catkin_tools_prebuild/CMakeFiles/CMakeTmp/CheckSymbolExists.c:
/* */
#include <pthread.h>

int main(int argc, char** argv)
{
  (void)argv;
#ifndef pthread_create
  return ((int*)(&pthread_create))[argc];
#else
  (void)argc;
  return 0;
#endif
}

Determining if the function pthread_create exists in the pthreads failed with the following output:
Change Dir: /home/tesla/catkin_ws/src/phantomx_arm-master/phantomx_arm_controller/build/catkin_tools_prebuild/CMakeFiles/CMakeTmp

Run Build Command:/usr/bin/make "cmTryCompileExec3020813573/fast"
/usr/bin/make -f CMakeFiles/cmTryCompileExec3020813573.dir/build.make CMakeFiles/cmTryCompileExec3020813573.dir/build
make[1]: Entering directory `/home/tesla/catkin_ws/src/phantomx_arm-master/phantomx_arm_controller/build/catkin_tools_prebuild/CMakeFiles/CMakeTmp'
/usr/bin/cmake -E cmake_progress_report /home/tesla/catkin_ws/src/phantomx_arm-master/phantomx_arm_controller/build/catkin_tools_prebuild/CMakeFiles/CMakeTmp/CMakeFiles 1
Building C object CMakeFiles/cmTryCompileExec3020813573.dir/CheckFunctionExists.c.o
/usr/bin/cc   -DCHECK_FUNCTION_EXISTS=pthread_create   -o CMakeFiles/cmTryCompileExec3020813573.dir/CheckFunctionExists.c.o   -c /usr/share/cmake-2.8/Modules/CheckFunctionExists.c
Linking C executable cmTryCompileExec3020813573
/usr/bin/cmake -E cmake_link_script CMakeFiles/cmTryCompileExec3020813573.dir/link.txt --verbose=1
/usr/bin/cc   -DCHECK_FUNCTION_EXISTS=pthread_create    CMakeFiles/cmTryCompileExec3020813573.dir/CheckFunctionExists.c.o  -o cmTryCompileExec3020813573 -rdynamic -lpthreads 
/usr/bin/ld: cannot find -lpthreads
collect2: error: ld returned 1 exit status
make[1]: *** [cmTryCompileExec3020813573] Error 1
make[1]: Leaving directory `/home/tesla/catkin_ws/src/phantomx_arm-master/phantomx_arm_controller/build/catkin_tools_prebuild/CMakeFiles/CMakeTmp'
make: *** [cmTryCompileExec3020813573/fast] Error 2


